<?xml version="1.0" encoding="UTF-8"?>
<!-- Generated by org.testng.reporters.JUnitReportReporter -->
<testsuite skipped="0" hostname="Welcome-PC" name="com.crm.qa.testcases.LoginPageTest" tests="3" failures="0" timestamp="12 Jul 2018 10:31:19 GMT" time="133.360" errors="0">
  <testcase name="loginPageTitleTest" time="73.730" classname="com.crm.qa.testcases.LoginPageTest"/>
  <testcase name="crmLogoImageTest" time="17.924" classname="com.crm.qa.testcases.LoginPageTest"/>
  <testcase name="loginTest" time="41.706" classname="com.crm.qa.testcases.LoginPageTest"/>
</testsuite> <!-- com.crm.qa.testcases.LoginPageTest -->
